<?xml version="1.0" encoding="UTF-8"?>
<!-- Generated by org.testng.reporters.JUnitXMLReporter -->
<testsuite ignored="0" hostname="DESKTOP-5DKO5JM" failures="0" tests="5" name="Default test" time="0.098" errors="0" timestamp="2026-04-17T12:38:18 IST">
  <testcase classname="com.TestNG.seleniumTestNG.GroupsExample" name="testMethod1ForGroupA" time="0.008"/>
  <testcase classname="com.TestNG.seleniumTestNG.GroupsExample" name="testMethod1ForGroupB" time="0.002"/>
  <testcase classname="com.TestNG.seleniumTestNG.GroupsExample" name="testMethod2ForGroupA" time="0.002"/>
  <testcase classname="com.TestNG.seleniumTestNG.GroupsExample" name="testMethod2ForGroupB" time="0.004"/>
  <testcase classname="com.TestNG.seleniumTestNG.GroupsExample" name="dependsOnGroupA" time="0.003"/>
</testsuite> <!-- Default test -->
