<?xml version="1.0" encoding="UTF-8"?>
<!-- Generated by org.testng.reporters.JUnitXMLReporter -->
<testsuite ignored="0" hostname="DESKTOP-5DKO5JM" failures="0" tests="3" name="Default test" time="21.629" errors="0" timestamp="2026-04-20T15:53:41 IST">
  <testcase classname="com.TestNG.seleniumTestNG.DataProviderDemo3" name="loginTest" time="4.621"/>
  <testcase classname="com.TestNG.seleniumTestNG.DataProviderDemo3" name="loginTest" time="2.145"/>
  <testcase classname="com.TestNG.seleniumTestNG.DataProviderDemo3" name="loginTest" time="2.112"/>
</testsuite> <!-- Default test -->
