<?xml version="1.0" encoding="UTF-8"?>
<!-- Generated by org.testng.reporters.JUnitXMLReporter -->
<testsuite ignored="0" hostname="DESKTOP-5DKO5JM" failures="0" tests="3" name="ChromeTest" time="21.488" errors="0" timestamp="2026-04-20T15:56:30 IST">
  <testcase classname="com.TestNG.seleniumTestNG.DataProviderDemo3" name="loginTest" time="3.559"/>
  <testcase classname="com.TestNG.seleniumTestNG.DataProviderDemo3" name="loginTest" time="2.322"/>
  <testcase classname="com.TestNG.seleniumTestNG.DataProviderDemo3" name="loginTest" time="2.168"/>
</testsuite> <!-- ChromeTest -->
