<?xml version="1.0" encoding="UTF-8"?>
<!-- Generated by org.testng.reporters.JUnitXMLReporter -->
<testsuite ignored="0" hostname="DESKTOP-5DKO5JM" failures="0" tests="3" name="Test" time="20.092" errors="0" timestamp="2026-04-20T11:06:06 IST">
  <testcase classname="com.TestNG.seleniumTestNG.DemoBlaze" name="validation" time="0.712"/>
  <testcase classname="com.TestNG.seleniumTestNG.DemoBlaze" name="invaliduser" time="1.679"/>
  <testcase classname="com.TestNG.seleniumTestNG.DemoBlaze" name="invalidpassword" time="1.603"/>
</testsuite> <!-- Test -->
