<?xml version="1.0" encoding="UTF-8"?>
<testng-results ignored="0" total="3" passed="3" failed="0" skipped="0">
  <reporter-output>
  </reporter-output>
  <suite started-at="2026-04-20T15:56:09 IST" name="Suite" finished-at="2026-04-20T15:56:30 IST" duration-ms="21488">
    <groups>
    </groups>
    <test started-at="2026-04-20T15:56:09 IST" name="ChromeTest" finished-at="2026-04-20T15:56:30 IST" duration-ms="21488">
      <class name="com.TestNG.seleniumTestNG.DataProviderDemo3">
        <test-method is-config="true" signature="setUp()[pri:0, instance:com.TestNG.seleniumTestNG.DataProviderDemo3@3c46e67a]" started-at="2026-04-20T15:56:09 IST" name="setUp" finished-at="2026-04-20T15:56:14 IST" duration-ms="4823" status="PASS">
          <reporter-output>
          </reporter-output>
        </test-method> <!-- setUp -->
        <test-method signature="loginTest(java.lang.String,java.lang.String,java.lang.String)[pri:0, instance:com.TestNG.seleniumTestNG.DataProviderDemo3@3c46e67a]" started-at="2026-04-20T15:56:14 IST" name="loginTest" data-provider="loginData" finished-at="2026-04-20T15:56:17 IST" duration-ms="3559" status="PASS">
          <params>
            <param index="0">
              <value>
                <![CDATA[samihaM]]>
              </value>
            </param>
            <param index="1">
              <value>
                <![CDATA[2005]]>
              </value>
            </param>
            <param index="2">
              <value>
                <![CDATA[valid]]>
              </value>
            </param>
          </params>
          <reporter-output>
          </reporter-output>
        </test-method> <!-- loginTest -->
        <test-method is-config="true" signature="tearDown()[pri:0, instance:com.TestNG.seleniumTestNG.DataProviderDemo3@3c46e67a]" started-at="2026-04-20T15:56:17 IST" name="tearDown" finished-at="2026-04-20T15:56:18 IST" duration-ms="396" status="PASS">
          <reporter-output>
          </reporter-output>
        </test-method> <!-- tearDown -->
        <test-method is-config="true" signature="setUp()[pri:0, instance:com.TestNG.seleniumTestNG.DataProviderDemo3@3c46e67a]" started-at="2026-04-20T15:56:18 IST" name="setUp" finished-at="2026-04-20T15:56:21 IST" duration-ms="3921" status="PASS">
          <reporter-output>
          </reporter-output>
        </test-method> <!-- setUp -->
        <test-method signature="loginTest(java.lang.String,java.lang.String,java.lang.String)[pri:0, instance:com.TestNG.seleniumTestNG.DataProviderDemo3@3c46e67a]" started-at="2026-04-20T15:56:21 IST" name="loginTest" data-provider="loginData" finished-at="2026-04-20T15:56:24 IST" duration-ms="2322" status="PASS">
          <params>
            <param index="0">
              <value>
                <![CDATA[wrongUser]]>
              </value>
            </param>
            <param index="1">
              <value>
                <![CDATA[2005]]>
              </value>
            </param>
            <param index="2">
              <value>
                <![CDATA[invalidUser]]>
              </value>
            </param>
          </params>
          <reporter-output>
          </reporter-output>
        </test-method> <!-- loginTest -->
        <test-method is-config="true" signature="tearDown()[pri:0, instance:com.TestNG.seleniumTestNG.DataProviderDemo3@3c46e67a]" started-at="2026-04-20T15:56:24 IST" name="tearDown" finished-at="2026-04-20T15:56:24 IST" duration-ms="285" status="PASS">
          <reporter-output>
          </reporter-output>
        </test-method> <!-- tearDown -->
        <test-method is-config="true" signature="setUp()[pri:0, instance:com.TestNG.seleniumTestNG.DataProviderDemo3@3c46e67a]" started-at="2026-04-20T15:56:24 IST" name="setUp" finished-at="2026-04-20T15:56:28 IST" duration-ms="3646" status="PASS">
          <reporter-output>
          </reporter-output>
        </test-method> <!-- setUp -->
        <test-method signature="loginTest(java.lang.String,java.lang.String,java.lang.String)[pri:0, instance:com.TestNG.seleniumTestNG.DataProviderDemo3@3c46e67a]" started-at="2026-04-20T15:56:28 IST" name="loginTest" data-provider="loginData" finished-at="2026-04-20T15:56:30 IST" duration-ms="2168" status="PASS">
          <params>
            <param index="0">
              <value>
                <![CDATA[samihaM]]>
              </value>
            </param>
            <param index="1">
              <value>
                <![CDATA[wrongPass]]>
              </value>
            </param>
            <param index="2">
              <value>
                <![CDATA[invalidPassword]]>
              </value>
            </param>
          </params>
          <reporter-output>
          </reporter-output>
        </test-method> <!-- loginTest -->
        <test-method is-config="true" signature="tearDown()[pri:0, instance:com.TestNG.seleniumTestNG.DataProviderDemo3@3c46e67a]" started-at="2026-04-20T15:56:30 IST" name="tearDown" finished-at="2026-04-20T15:56:30 IST" duration-ms="276" status="PASS">
          <reporter-output>
          </reporter-output>
        </test-method> <!-- tearDown -->
      </class> <!-- com.TestNG.seleniumTestNG.DataProviderDemo3 -->
    </test> <!-- ChromeTest -->
  </suite> <!-- Suite -->
</testng-results>
