<?xml version="1.0" encoding="UTF-8"?>
<!-- Generated by org.testng.reporters.JUnitReportReporter -->
<testsuite hostname="DESKTOP-5DKO5JM" failures="0" tests="2" name="com.TestNG.seleniumTestNG.DataProvider2" time="12.642" errors="0" timestamp="2026-04-20T15:06:42 IST" skipped="0">
  <testcase classname="com.TestNG.seleniumTestNG.DataProvider2" name="search" time="5.050"/>
  <testcase classname="com.TestNG.seleniumTestNG.DataProvider2" name="search" time="7.592"/>
</testsuite> <!-- com.TestNG.seleniumTestNG.DataProvider2 -->
