<?xml version="1.0" encoding="UTF-8"?>
<!-- Generated by org.testng.reporters.JUnitReportReporter -->
<testsuite hostname="DESKTOP-5DKO5JM" failures="0" tests="3" name="com.TestNG.seleniumTestNG.DataProviderDemo3" time="21.396" errors="0" timestamp="2026-04-20T15:56:30 IST" skipped="0">
  <testcase classname="com.TestNG.seleniumTestNG.DataProviderDemo3" name="loginTest" time="6.253"/>
  <testcase classname="com.TestNG.seleniumTestNG.DataProviderDemo3" name="loginTest" time="7.876"/>
  <testcase classname="com.TestNG.seleniumTestNG.DataProviderDemo3" name="loginTest" time="7.267"/>
</testsuite> <!-- com.TestNG.seleniumTestNG.DataProviderDemo3 -->
