<?xml version="1.0" encoding="UTF-8"?>
<!-- Generated by org.testng.reporters.JUnitReportReporter -->
<testsuite hostname="DESKTOP-5DKO5JM" failures="0" tests="5" name="com.TestNG.seleniumTestNG.GroupsExample" time="0.019" errors="0" timestamp="2026-04-17T12:38:19 IST" skipped="0">
  <testcase classname="com.TestNG.seleniumTestNG.GroupsExample" name="testMethod2ForGroupB" time="0.004"/>
  <testcase classname="com.TestNG.seleniumTestNG.GroupsExample" name="dependsOnGroupA" time="0.003"/>
  <testcase classname="com.TestNG.seleniumTestNG.GroupsExample" name="testMethod1ForGroupB" time="0.002"/>
  <testcase classname="com.TestNG.seleniumTestNG.GroupsExample" name="testMethod1ForGroupA" time="0.008"/>
  <testcase classname="com.TestNG.seleniumTestNG.GroupsExample" name="testMethod2ForGroupA" time="0.002"/>
</testsuite> <!-- com.TestNG.seleniumTestNG.GroupsExample -->
