<?xml version="1.0" encoding="UTF-8"?>
<!-- Generated by org.testng.reporters.JUnitReportReporter -->
<testsuite hostname="DESKTOP-5DKO5JM" failures="0" tests="2" name="com.TestNG.seleniumTestNG.dataProviderDemo1" time="29.109" errors="0" timestamp="2026-04-20T14:58:52 IST" skipped="0">
  <testcase classname="com.TestNG.seleniumTestNG.dataProviderDemo1" name="search" time="15.340"/>
  <testcase classname="com.TestNG.seleniumTestNG.dataProviderDemo1" name="search" time="13.769"/>
</testsuite> <!-- com.TestNG.seleniumTestNG.dataProviderDemo1 -->
