<?xml version="1.0" encoding="UTF-8"?>
<!-- Generated by org.testng.reporters.JUnitReportReporter -->
<testsuite hostname="DESKTOP-5DKO5JM" failures="0" tests="3" name="com.TestNG.seleniumTestNG.DemoBlaze" time="17.039" errors="0" timestamp="2026-04-17T11:39:59 IST" skipped="0">
  <testcase classname="com.TestNG.seleniumTestNG.DemoBlaze" name="invaliduser" time="6.442"/>
  <testcase classname="com.TestNG.seleniumTestNG.DemoBlaze" name="validation" time="4.951"/>
  <testcase classname="com.TestNG.seleniumTestNG.DemoBlaze" name="invalidpassword" time="5.646"/>
</testsuite> <!-- com.TestNG.seleniumTestNG.DemoBlaze -->
