<?xml version="1.0" encoding="UTF-8"?>
<!-- Generated by org.testng.reporters.JUnitReportReporter -->
<testsuite hostname="DESKTOP-5DKO5JM" failures="0" tests="3" name="com.TestNG.seleniumTestNG.DataProviderDemo2" time="14.365" errors="0" timestamp="2026-04-20T15:26:52 IST" skipped="0">
  <testcase classname="com.TestNG.seleniumTestNG.DataProviderDemo2" name="search" time="5.388"/>
  <testcase classname="com.TestNG.seleniumTestNG.DataProviderDemo2" name="search" time="4.478"/>
  <testcase classname="com.TestNG.seleniumTestNG.DataProviderDemo2" name="search" time="4.499"/>
</testsuite> <!-- com.TestNG.seleniumTestNG.DataProviderDemo2 -->
