<?xml version="1.0" encoding="UTF-8"?>
<!-- Generated by org.testng.reporters.JUnitXMLReporter -->
<testsuite ignored="0" hostname="DESKTOP-5DKO5JM" failures="1" tests="1" name="ChromeInvalidUser" time="0.173" errors="0" timestamp="2026-04-20T14:29:57 IST">
  <testcase classname="com.TestNG.seleniumTestNG.ParameterizationDemo" name="loginTest" time="0.0">
    <failure type="org.testng.TestNGException" message="
Parameter &amp;apos;testType&amp;apos; is required by @Test on method loginTest but has not been marked @Optional or defined
in D:\TestNG\seleniumTestNG\testng.xml">
      <![CDATA[org.testng.TestNGException: 
Parameter 'testType' is required by @Test on method loginTest but has not been marked @Optional or defined
in D:\TestNG\seleniumTestNG\testng.xml
at java.base/java.util.ArrayList.forEach(ArrayList.java:1596)
at java.base/java.util.concurrent.FutureTask.run(FutureTask.java:317)
at java.base/java.util.concurrent.ThreadPoolExecutor.runWorker(ThreadPoolExecutor.java:1144)
at java.base/java.util.concurrent.ThreadPoolExecutor$Worker.run(ThreadPoolExecutor.java:642)
at java.base/java.lang.Thread.run(Thread.java:1583)
... Removed 16 stack frames]]>
    </failure>
  </testcase> <!-- loginTest -->
</testsuite> <!-- ChromeInvalidUser -->
