<?xml version="1.0" encoding="UTF-8"?>
<!-- Generated by org.testng.reporters.JUnitReportReporter -->
<testsuite hostname="DESKTOP-5DKO5JM" failures="0" tests="3" name="com.TestNG.seleniumTestNG.DemoBlaze" time="20.047" errors="0" timestamp="2026-04-20T11:06:06 IST" skipped="0">
  <testcase classname="com.TestNG.seleniumTestNG.DemoBlaze" name="invaliduser" time="8.916"/>
  <testcase classname="com.TestNG.seleniumTestNG.DemoBlaze" name="validation" time="5.090"/>
  <testcase classname="com.TestNG.seleniumTestNG.DemoBlaze" name="invalidpassword" time="6.041"/>
</testsuite> <!-- com.TestNG.seleniumTestNG.DemoBlaze -->
